C:\USERS\GOKDERE\DOCUMENTS\VISUAL STUDIO 2010\PROJECTS\FLAT WASHER\DEBUG\FLAT WASHER.EXE
C:\USERS\GOKDERE\DOCUMENTS\VISUAL STUDIO 2010\PROJECTS\FLAT WASHER\DEBUG\FLAT WASHER.ILK
C:\USERS\GOKDERE\DOCUMENTS\VISUAL STUDIO 2010\PROJECTS\FLAT WASHER\DEBUG\FLAT WASHER.PDB
C:\USERS\GOKDERE\DOCUMENTS\VISUAL STUDIO 2010\PROJECTS\FLAT WASHER\FLAT WASHER\DEBUG\FLAT WASHER.EXE.EMBED.MANIFEST
C:\USERS\GOKDERE\DOCUMENTS\VISUAL STUDIO 2010\PROJECTS\FLAT WASHER\FLAT WASHER\DEBUG\FLAT WASHER.EXE.EMBED.MANIFEST.RES
C:\USERS\GOKDERE\DOCUMENTS\VISUAL STUDIO 2010\PROJECTS\FLAT WASHER\FLAT WASHER\DEBUG\FLAT WASHER.EXE.INTERMEDIATE.MANIFEST
C:\USERS\GOKDERE\DOCUMENTS\VISUAL STUDIO 2010\PROJECTS\FLAT WASHER\FLAT WASHER\DEBUG\FLATWASHER.OBJ
C:\USERS\GOKDERE\DOCUMENTS\VISUAL STUDIO 2010\PROJECTS\FLAT WASHER\FLAT WASHER\DEBUG\VC100.PDB
F:\CEN133-SOFTWARE ENGINEER\PROJECTS\FLAT WASHER\Debug\FLAT WASHER.exe
F:\CEN133-SOFTWARE ENGINEER\PROJECTS\FLAT WASHER\Debug\FLAT WASHER.ilk
F:\CEN133-SOFTWARE ENGINEER\PROJECTS\FLAT WASHER\Debug\FLAT WASHER.pdb
F:\CEN133-SOFTWARE ENGINEER\PROJECTS\FLAT WASHER\FLAT WASHER\Debug\cl.command.1.tlog
F:\CEN133-SOFTWARE ENGINEER\PROJECTS\FLAT WASHER\FLAT WASHER\Debug\CL.read.1.tlog
F:\CEN133-SOFTWARE ENGINEER\PROJECTS\FLAT WASHER\FLAT WASHER\Debug\CL.write.1.tlog
F:\CEN133-SOFTWARE ENGINEER\PROJECTS\FLAT WASHER\FLAT WASHER\Debug\FLAT WASHER.exe.embed.manifest
F:\CEN133-SOFTWARE ENGINEER\PROJECTS\FLAT WASHER\FLAT WASHER\Debug\FLAT WASHER.exe.embed.manifest.res
F:\CEN133-SOFTWARE ENGINEER\PROJECTS\FLAT WASHER\FLAT WASHER\Debug\FLAT WASHER.exe.intermediate.manifest
F:\CEN133-SOFTWARE ENGINEER\PROJECTS\FLAT WASHER\FLAT WASHER\Debug\FLAT WASHER_manifest.rc
F:\CEN133-SOFTWARE ENGINEER\PROJECTS\FLAT WASHER\FLAT WASHER\Debug\FlatWasher.obj
F:\CEN133-SOFTWARE ENGINEER\PROJECTS\FLAT WASHER\FLAT WASHER\Debug\link.5232.read.1.tlog
F:\CEN133-SOFTWARE ENGINEER\PROJECTS\FLAT WASHER\FLAT WASHER\Debug\link.5232.write.1.tlog
F:\CEN133-SOFTWARE ENGINEER\PROJECTS\FLAT WASHER\FLAT WASHER\Debug\link.5232-cvtres.read.1.tlog
F:\CEN133-SOFTWARE ENGINEER\PROJECTS\FLAT WASHER\FLAT WASHER\Debug\link.5232-cvtres.write.1.tlog
F:\CEN133-SOFTWARE ENGINEER\PROJECTS\FLAT WASHER\FLAT WASHER\Debug\link.command.1.tlog
F:\CEN133-SOFTWARE ENGINEER\PROJECTS\FLAT WASHER\FLAT WASHER\Debug\link.read.1.tlog
F:\CEN133-SOFTWARE ENGINEER\PROJECTS\FLAT WASHER\FLAT WASHER\Debug\link.write.1.tlog
F:\CEN133-SOFTWARE ENGINEER\PROJECTS\FLAT WASHER\FLAT WASHER\Debug\link-cvtres.read.1.tlog
F:\CEN133-SOFTWARE ENGINEER\PROJECTS\FLAT WASHER\FLAT WASHER\Debug\link-cvtres.write.1.tlog
F:\CEN133-SOFTWARE ENGINEER\PROJECTS\FLAT WASHER\FLAT WASHER\Debug\mt.command.1.tlog
F:\CEN133-SOFTWARE ENGINEER\PROJECTS\FLAT WASHER\FLAT WASHER\Debug\mt.read.1.tlog
F:\CEN133-SOFTWARE ENGINEER\PROJECTS\FLAT WASHER\FLAT WASHER\Debug\mt.write.1.tlog
F:\CEN133-SOFTWARE ENGINEER\PROJECTS\FLAT WASHER\FLAT WASHER\Debug\rc.command.1.tlog
F:\CEN133-SOFTWARE ENGINEER\PROJECTS\FLAT WASHER\FLAT WASHER\Debug\rc.read.1.tlog
F:\CEN133-SOFTWARE ENGINEER\PROJECTS\FLAT WASHER\FLAT WASHER\Debug\rc.write.1.tlog
F:\CEN133-SOFTWARE ENGINEER\PROJECTS\FLAT WASHER\FLAT WASHER\Debug\vc100.idb
F:\CEN133-SOFTWARE ENGINEER\PROJECTS\FLAT WASHER\FLAT WASHER\Debug\vc100.pdb
